{"level":"info","message":"\u001b[33mapp on development\u001b[39m","timestamp":"2014-01-26T17:39:34.501Z"}
{"level":"info","message":"\u001b[33mthe port used \u001b[39m","timestamp":"2014-01-26T17:39:34.584Z"}
{"level":"info","message":"\u001b[33mExpress started on port\u001b[39m","timestamp":"2014-01-26T17:39:34.600Z"}
{"level":"info","message":"mongodb connect success","timestamp":"2014-01-26T17:39:35.501Z"}
{"level":"info","message":"connection opening","timestamp":"2014-01-26T17:39:35.502Z"}
{"level":"info","message":"listen to the MQTT service succfully   - armmeeting","timestamp":"2014-01-26T17:39:38.452Z"}
{"level":"info","message":"add new RT SERVICE armmeeting","timestamp":"2014-01-26T17:39:38.453Z"}
{"level":"info","message":"listen to the MQTT service succfully   - enlight","timestamp":"2014-01-26T17:39:38.454Z"}
{"level":"info","message":"add new RT SERVICE enlight","timestamp":"2014-01-26T17:39:38.455Z"}
{"level":"error","message":"Sun Jan 26 2014 17:39:38 GMT+0000 (GMT 标准时间):(H:\\Dropbox\\node\\testarm\\app.js:329:ReferenceError: serviceCatalog is not defined\n    at Object.<anonymous> (H:\\Dropbox\\node\\testarm\\routes\\apps\\app_energy.js:22:22)\n    at Module._compile (module.js:456:26)\n    at Object.Module._extensions..js (module.js:474:10)\n    at Module.load (module.js:356:32)\n    at Function.Module._load (module.js:312:12)\n    at Module.require (module.js:364:17)\n    at require (module.js:380:17)\n    at bootApp (H:\\Dropbox\\node\\testarm\\routes\\beta_api.js:121:2)\n    at H:\\Dropbox\\node\\testarm\\routes\\beta_api.js:114:4\n    at Array.forEach (native)","timestamp":"2014-01-26T17:39:38.481Z"}
{"level":"info","message":"\u001b[32mMQTT Connected\u001b[39m","timestamp":"2014-01-26T17:39:38.642Z"}
{"level":"info","message":"\u001b[32mMQTT Connected\u001b[39m","timestamp":"2014-01-26T17:39:38.645Z"}
{"0":"Sun Jan 26 2014 17:39:39 GMT+0000 (GMT 标准时间)","1":"SIGINT","level":"info","message":"%s: Received %s - terminating Node server ...","timestamp":"2014-01-26T17:39:39.776Z"}
{"level":"info","message":"\u001b[33mapp on development\u001b[39m","timestamp":"2014-01-27T07:57:38.044Z"}
{"level":"info","message":"\u001b[33mthe port used \u001b[39m","timestamp":"2014-01-27T07:57:38.126Z"}
{"level":"error","message":"Mon Jan 27 2014 07:57:38 GMT+0000 (GMT 标准时间):(H:\\Dropbox\\node\\testarm\\app.js:329:Error: listen EADDRINUSE\n    at errnoException (net.js:883:11)\n    at Server._listen2 (net.js:1021:14)\n    at listen (net.js:1043:10)\n    at net.js:1117:9\n    at dns.js:72:18\n    at process._tickDomainCallback (node.js:459:13)\n    at Function.Module.runMain (module.js:499:11)\n    at startup (node.js:119:16)\n    at node.js:901:3","timestamp":"2014-01-27T07:57:38.152Z"}
{"level":"info","message":"mongodb connect success","timestamp":"2014-01-27T07:57:38.959Z"}
{"level":"info","message":"connection opening","timestamp":"2014-01-27T07:57:38.960Z"}
{"0":"Mon Jan 27 2014 07:57:40 GMT+0000 (GMT 标准时间)","1":"SIGINT","level":"info","message":"%s: Received %s - terminating Node server ...","timestamp":"2014-01-27T07:57:40.094Z"}
{"level":"info","message":"\u001b[33mapp on development\u001b[39m","timestamp":"2014-01-27T07:58:44.856Z"}
{"level":"info","message":"\u001b[33mthe port used \u001b[39m","timestamp":"2014-01-27T07:58:44.938Z"}
{"level":"error","message":"Mon Jan 27 2014 07:58:44 GMT+0000 (GMT 标准时间):(H:\\Dropbox\\node\\testarm\\app.js:329:Error: listen EADDRINUSE\n    at errnoException (net.js:883:11)\n    at Server._listen2 (net.js:1021:14)\n    at listen (net.js:1043:10)\n    at net.js:1117:9\n    at dns.js:72:18\n    at process._tickDomainCallback (node.js:459:13)\n    at Function.Module.runMain (module.js:499:11)\n    at startup (node.js:119:16)\n    at node.js:901:3","timestamp":"2014-01-27T07:58:44.964Z"}
{"level":"info","message":"mongodb connect success","timestamp":"2014-01-27T07:58:45.781Z"}
{"level":"info","message":"connection opening","timestamp":"2014-01-27T07:58:45.781Z"}
{"0":"Mon Jan 27 2014 07:58:46 GMT+0000 (GMT 标准时间)","1":"SIGINT","level":"info","message":"%s: Received %s - terminating Node server ...","timestamp":"2014-01-27T07:58:46.909Z"}
{"level":"info","message":"\u001b[33mapp on development\u001b[39m","timestamp":"2014-01-27T07:59:42.413Z"}
{"level":"info","message":"\u001b[33mthe port used \u001b[39m","timestamp":"2014-01-27T07:59:42.494Z"}
{"level":"error","message":"Mon Jan 27 2014 07:59:42 GMT+0000 (GMT 标准时间):(H:\\Dropbox\\node\\testarm\\app.js:329:Error: listen EADDRINUSE\n    at errnoException (net.js:883:11)\n    at Server._listen2 (net.js:1021:14)\n    at listen (net.js:1043:10)\n    at net.js:1117:9\n    at dns.js:72:18\n    at process._tickDomainCallback (node.js:459:13)\n    at Function.Module.runMain (module.js:499:11)\n    at startup (node.js:119:16)\n    at node.js:901:3","timestamp":"2014-01-27T07:59:42.526Z"}
{"level":"info","message":"mongodb connect success","timestamp":"2014-01-27T07:59:43.344Z"}
{"level":"info","message":"connection opening","timestamp":"2014-01-27T07:59:43.345Z"}
{"level":"error","message":"Mon Jan 27 2014 07:59:47 GMT+0000 (GMT 标准时间):(H:\\Dropbox\\node\\testarm\\app.js:329:TypeError: undefined is not a function\n    at crawl (H:\\Dropbox\\node\\testarm\\routes\\beta_api.js:416:9)\n    at H:\\Dropbox\\node\\testarm\\routes\\beta_api.js:405:21\n    at Request._callback (H:\\Dropbox\\node\\testarm\\routes\\beta_api.js:332:21)\n    at Request.self.callback (H:\\Dropbox\\node\\node_modules\\request\\index.js:148:22)\n    at Request.EventEmitter.emit (events.js:98:17)\n    at Request.<anonymous> (H:\\Dropbox\\node\\node_modules\\request\\index.js:876:14)\n    at Request.EventEmitter.emit (events.js:117:20)\n    at IncomingMessage.<anonymous> (H:\\Dropbox\\node\\node_modules\\request\\index.js:827:12)\n    at IncomingMessage.EventEmitter.emit (events.js:117:20)\n    at _stream_readable.js:883:14","timestamp":"2014-01-27T07:59:47.125Z"}
{"level":"info","message":"listen to the MQTT service succfully   - armmeeting","timestamp":"2014-01-27T07:59:47.128Z"}
{"level":"info","message":"add new RT SERVICE armmeeting","timestamp":"2014-01-27T07:59:47.130Z"}
{"level":"info","message":"listen to the MQTT service succfully   - enlight","timestamp":"2014-01-27T07:59:47.131Z"}
{"level":"info","message":"add new RT SERVICE enlight","timestamp":"2014-01-27T07:59:47.131Z"}
{"level":"info","message":"app is created    intellisense   6v1ie1rgm2o0","timestamp":"2014-01-27T07:59:47.150Z"}
{"level":"info","message":"\u001b[32msubscribe success intellisense   \u001b[39m","timestamp":"2014-01-27T07:59:47.151Z"}
{"level":"info","message":"app is created enlight 72ziw2wj0iw4","timestamp":"2014-01-27T07:59:47.153Z"}
{"level":"info","message":"\u001b[32msubscribe success  enlight  \u001b[39m","timestamp":"2014-01-27T07:59:47.154Z"}
{"level":"info","message":"app is created  meetingroom   2e3s3tnftijo","timestamp":"2014-01-27T07:59:47.163Z"}
{"level":"info","message":"subscribe success","timestamp":"2014-01-27T07:59:47.163Z"}
{"level":"info","message":"App has subscribe to the channel success","timestamp":"2014-01-27T07:59:47.165Z"}
{"level":"info","message":"App has subscribe to the channel success","timestamp":"2014-01-27T07:59:47.167Z"}
{"level":"info","message":"App has subscribe to the channel success","timestamp":"2014-01-27T07:59:47.169Z"}
{"level":"info","message":"\u001b[32mMQTT Connected\u001b[39m","timestamp":"2014-01-27T07:59:47.319Z"}
{"level":"info","message":"\u001b[32mMQTT Connected\u001b[39m","timestamp":"2014-01-27T07:59:47.322Z"}
{"level":"debug","message":"room  is  https://protected-sands-2667.herokuapp.com/rooms/Room.UKCARM66MR5","timestamp":"2014-01-27T07:59:48.369Z"}
{"level":"debug","message":"room  is  https://protected-sands-2667.herokuapp.com/rooms/Room.UKCMaple","timestamp":"2014-01-27T07:59:48.381Z"}
{"level":"debug","message":"room  is  https://protected-sands-2667.herokuapp.com/rooms/Room.UKCSycamore","timestamp":"2014-01-27T07:59:48.382Z"}
{"level":"debug","message":"room  is  https://protected-sands-2667.herokuapp.com/rooms/Room.UKCBeech","timestamp":"2014-01-27T07:59:48.383Z"}
{"level":"debug","message":"room  is  https://protected-sands-2667.herokuapp.com/rooms/Room.UKCLectureTheatre","timestamp":"2014-01-27T07:59:48.384Z"}
{"level":"debug","message":"room  is  https://protected-sands-2667.herokuapp.com/rooms/Room.UKCFM10","timestamp":"2014-01-27T07:59:48.385Z"}
{"level":"debug","message":"room  is  https://protected-sands-2667.herokuapp.com/rooms/Room.UKCOak","timestamp":"2014-01-27T07:59:48.386Z"}
{"level":"debug","message":"room  is  https://protected-sands-2667.herokuapp.com/rooms/Room.UKCElm","timestamp":"2014-01-27T07:59:48.387Z"}
{"level":"debug","message":"room  is  https://protected-sands-2667.herokuapp.com/rooms/Room.UKCWillowA","timestamp":"2014-01-27T07:59:48.388Z"}
{"level":"debug","message":"room  is  https://protected-sands-2667.herokuapp.com/rooms/Room.UKCWillowB","timestamp":"2014-01-27T07:59:48.389Z"}
{"level":"debug","message":"room  is  https://protected-sands-2667.herokuapp.com/rooms/RoomUKCPatentBox","timestamp":"2014-01-27T07:59:48.390Z"}
{"level":"debug","message":"room  is  https://protected-sands-2667.herokuapp.com/rooms/Room.UKCSF8","timestamp":"2014-01-27T07:59:48.391Z"}
{"level":"debug","message":"room  is  https://protected-sands-2667.herokuapp.com/rooms/Room.UKCARM66MR11","timestamp":"2014-01-27T07:59:48.391Z"}
{"level":"debug","message":"room  is  https://protected-sands-2667.herokuapp.com/rooms/Room.UKCTrainingRoomA","timestamp":"2014-01-27T07:59:48.402Z"}
{"level":"debug","message":"room  is  https://protected-sands-2667.herokuapp.com/rooms/Room.UKCTrainingRoomB","timestamp":"2014-01-27T07:59:48.403Z"}
{"level":"debug","message":"room  is  https://protected-sands-2667.herokuapp.com/rooms/Room.UKCARM66MR4","timestamp":"2014-01-27T07:59:48.404Z"}
{"0":"Mon Jan 27 2014 07:59:51 GMT+0000 (GMT 标准时间)","1":"SIGINT","level":"info","message":"%s: Received %s - terminating Node server ...","timestamp":"2014-01-27T07:59:51.980Z"}
{"level":"info","message":"\u001b[33mapp on development\u001b[39m","timestamp":"2014-01-27T08:09:18.251Z"}
{"level":"info","message":"\u001b[33mthe port used \u001b[39m","timestamp":"2014-01-27T08:09:20.591Z"}
{"level":"info","message":"\u001b[33mExpress started on port\u001b[39m","timestamp":"2014-01-27T08:09:20.607Z"}
{"level":"info","message":"listen to the MQTT service succfully   - armmeeting","timestamp":"2014-01-27T08:09:42.976Z"}
{"level":"info","message":"add new RT SERVICE armmeeting","timestamp":"2014-01-27T08:09:42.976Z"}
{"level":"info","message":"listen to the MQTT service succfully   - enlight","timestamp":"2014-01-27T08:09:42.976Z"}
{"level":"info","message":"add new RT SERVICE enlight","timestamp":"2014-01-27T08:09:42.976Z"}
{"level":"info","message":"app is created    intellisense   3hethsqzogow","timestamp":"2014-01-27T08:09:43.054Z"}
{"level":"info","message":"\u001b[32msubscribe success intellisense   \u001b[39m","timestamp":"2014-01-27T08:09:43.070Z"}
{"level":"info","message":"app is created enlight 4h6oaj0gpjqc","timestamp":"2014-01-27T08:09:43.195Z"}
{"level":"info","message":"\u001b[32msubscribe success  enlight  \u001b[39m","timestamp":"2014-01-27T08:09:43.195Z"}
{"level":"info","message":"app is created  meetingroom   646x0lfz70ws","timestamp":"2014-01-27T08:09:43.242Z"}
{"level":"info","message":"subscribe success","timestamp":"2014-01-27T08:09:43.242Z"}
{"level":"error","message":"Mon Jan 27 2014 08:09:44 GMT+0000 (GMT 标准时间):(H:\\Dropbox\\node\\testarm\\app.js:329:TypeError: undefined is not a function\n    at crawl (H:\\Dropbox\\node\\testarm\\routes\\beta_api.js:416:9)\n    at H:\\Dropbox\\node\\testarm\\routes\\beta_api.js:405:21\n    at Request._callback (H:\\Dropbox\\node\\testarm\\routes\\beta_api.js:332:21)\n    at Request.self.callback (H:\\Dropbox\\node\\node_modules\\request\\index.js:148:22)\n    at Request.EventEmitter.emit (events.js:98:17)\n    at Request.<anonymous> (H:\\Dropbox\\node\\node_modules\\request\\index.js:876:14)\n    at Request.EventEmitter.emit (events.js:117:20)\n    at IncomingMessage.<anonymous> (H:\\Dropbox\\node\\node_modules\\request\\index.js:827:12)\n    at IncomingMessage.EventEmitter.emit (events.js:117:20)\n    at _stream_readable.js:883:14","timestamp":"2014-01-27T08:09:44.536Z"}
{"level":"info","message":"App has subscribe to the channel success","timestamp":"2014-01-27T08:09:44.536Z"}
{"level":"info","message":"App has subscribe to the channel success","timestamp":"2014-01-27T08:09:44.536Z"}
{"level":"info","message":"App has subscribe to the channel success","timestamp":"2014-01-27T08:09:44.552Z"}
{"level":"info","message":"\u001b[32mMQTT Connected\u001b[39m","timestamp":"2014-01-27T08:09:44.599Z"}
{"level":"info","message":"\u001b[32mMQTT Connected\u001b[39m","timestamp":"2014-01-27T08:09:44.614Z"}
{"level":"debug","message":"room  is  https://protected-sands-2667.herokuapp.com/rooms/Room.UKCARM66MR5","timestamp":"2014-01-27T08:09:45.691Z"}
{"level":"debug","message":"room  is  https://protected-sands-2667.herokuapp.com/rooms/Room.UKCMaple","timestamp":"2014-01-27T08:09:45.706Z"}
{"level":"debug","message":"room  is  https://protected-sands-2667.herokuapp.com/rooms/Room.UKCSycamore","timestamp":"2014-01-27T08:09:45.706Z"}
{"level":"debug","message":"room  is  https://protected-sands-2667.herokuapp.com/rooms/Room.UKCBeech","timestamp":"2014-01-27T08:09:45.706Z"}
{"level":"debug","message":"room  is  https://protected-sands-2667.herokuapp.com/rooms/Room.UKCLectureTheatre","timestamp":"2014-01-27T08:09:45.706Z"}
{"level":"debug","message":"room  is  https://protected-sands-2667.herokuapp.com/rooms/Room.UKCFM10","timestamp":"2014-01-27T08:09:45.706Z"}
{"level":"debug","message":"room  is  https://protected-sands-2667.herokuapp.com/rooms/Room.UKCOak","timestamp":"2014-01-27T08:09:45.706Z"}
{"level":"debug","message":"room  is  https://protected-sands-2667.herokuapp.com/rooms/Room.UKCElm","timestamp":"2014-01-27T08:09:45.706Z"}
{"level":"debug","message":"room  is  https://protected-sands-2667.herokuapp.com/rooms/Room.UKCWillowA","timestamp":"2014-01-27T08:09:45.706Z"}
{"level":"debug","message":"room  is  https://protected-sands-2667.herokuapp.com/rooms/Room.UKCWillowB","timestamp":"2014-01-27T08:09:45.706Z"}
{"level":"debug","message":"room  is  https://protected-sands-2667.herokuapp.com/rooms/RoomUKCPatentBox","timestamp":"2014-01-27T08:09:45.706Z"}
{"level":"debug","message":"room  is  https://protected-sands-2667.herokuapp.com/rooms/Room.UKCSF8","timestamp":"2014-01-27T08:09:45.706Z"}
{"level":"debug","message":"room  is  https://protected-sands-2667.herokuapp.com/rooms/Room.UKCARM66MR11","timestamp":"2014-01-27T08:09:45.722Z"}
{"level":"debug","message":"room  is  https://protected-sands-2667.herokuapp.com/rooms/Room.UKCTrainingRoomA","timestamp":"2014-01-27T08:09:45.738Z"}
{"level":"debug","message":"room  is  https://protected-sands-2667.herokuapp.com/rooms/Room.UKCTrainingRoomB","timestamp":"2014-01-27T08:09:45.738Z"}
{"level":"debug","message":"room  is  https://protected-sands-2667.herokuapp.com/rooms/Room.UKCARM66MR4","timestamp":"2014-01-27T08:09:45.738Z"}
{"0":"Mon Jan 27 2014 08:09:46 GMT+0000 (GMT 标准时间)","1":"SIGINT","level":"info","message":"%s: Received %s - terminating Node server ...","timestamp":"2014-01-27T08:09:47.012Z"}
{"level":"info","message":"\u001b[33mapp on development\u001b[39m","timestamp":"2014-01-27T08:11:51.826Z"}
{"level":"info","message":"\u001b[33mthe port used \u001b[39m","timestamp":"2014-01-27T08:11:51.904Z"}
{"level":"info","message":"\u001b[33mExpress started on port\u001b[39m","timestamp":"2014-01-27T08:11:51.920Z"}
{"level":"info","message":"mongodb connect success","timestamp":"2014-01-27T08:11:52.762Z"}
{"level":"info","message":"connection opening","timestamp":"2014-01-27T08:11:52.762Z"}
{"level":"info","message":"listen to the MQTT service succfully   - armmeeting","timestamp":"2014-01-27T08:11:56.147Z"}
{"level":"info","message":"add new RT SERVICE armmeeting","timestamp":"2014-01-27T08:11:56.147Z"}
{"level":"info","message":"listen to the MQTT service succfully   - enlight","timestamp":"2014-01-27T08:11:56.147Z"}
{"level":"info","message":"add new RT SERVICE enlight","timestamp":"2014-01-27T08:11:56.147Z"}
{"level":"info","message":"app is created    intellisense   29eq9xwhthhc","timestamp":"2014-01-27T08:11:56.163Z"}
{"level":"info","message":"\u001b[32msubscribe success intellisense   \u001b[39m","timestamp":"2014-01-27T08:11:56.163Z"}
{"level":"info","message":"app is created enlight 51xq051566o8","timestamp":"2014-01-27T08:11:56.163Z"}
{"level":"info","message":"\u001b[32msubscribe success  enlight  \u001b[39m","timestamp":"2014-01-27T08:11:56.163Z"}
{"level":"info","message":"app is created  meetingroom   2o2ewwybpyio","timestamp":"2014-01-27T08:11:56.179Z"}
{"level":"info","message":"subscribe success","timestamp":"2014-01-27T08:11:56.179Z"}
{"level":"info","message":"App has subscribe to the channel success","timestamp":"2014-01-27T08:11:56.179Z"}
{"level":"info","message":"App has subscribe to the channel success","timestamp":"2014-01-27T08:11:56.179Z"}
{"level":"info","message":"App has subscribe to the channel success","timestamp":"2014-01-27T08:11:56.179Z"}
{"level":"info","message":"\u001b[32mMQTT Connected\u001b[39m","timestamp":"2014-01-27T08:11:56.241Z"}
{"level":"info","message":"\u001b[32mMQTT Connected\u001b[39m","timestamp":"2014-01-27T08:11:56.241Z"}
{"level":"debug","message":"room  is  https://protected-sands-2667.herokuapp.com/rooms/Room.UKCARM66MR5","timestamp":"2014-01-27T08:11:56.272Z"}
{"level":"debug","message":"room  is  https://protected-sands-2667.herokuapp.com/rooms/Room.UKCMaple","timestamp":"2014-01-27T08:11:56.272Z"}
{"level":"debug","message":"room  is  https://protected-sands-2667.herokuapp.com/rooms/Room.UKCSycamore","timestamp":"2014-01-27T08:11:56.272Z"}
{"level":"debug","message":"room  is  https://protected-sands-2667.herokuapp.com/rooms/Room.UKCBeech","timestamp":"2014-01-27T08:11:56.272Z"}
{"level":"debug","message":"room  is  https://protected-sands-2667.herokuapp.com/rooms/Room.UKCLectureTheatre","timestamp":"2014-01-27T08:11:56.272Z"}
{"level":"debug","message":"room  is  https://protected-sands-2667.herokuapp.com/rooms/Room.UKCFM10","timestamp":"2014-01-27T08:11:56.272Z"}
{"level":"debug","message":"room  is  https://protected-sands-2667.herokuapp.com/rooms/Room.UKCOak","timestamp":"2014-01-27T08:11:56.288Z"}
{"level":"debug","message":"room  is  https://protected-sands-2667.herokuapp.com/rooms/Room.UKCElm","timestamp":"2014-01-27T08:11:56.288Z"}
{"level":"debug","message":"room  is  https://protected-sands-2667.herokuapp.com/rooms/Room.UKCWillowA","timestamp":"2014-01-27T08:11:56.288Z"}
{"level":"debug","message":"room  is  https://protected-sands-2667.herokuapp.com/rooms/Room.UKCWillowB","timestamp":"2014-01-27T08:11:56.288Z"}
{"level":"debug","message":"room  is  https://protected-sands-2667.herokuapp.com/rooms/RoomUKCPatentBox","timestamp":"2014-01-27T08:11:56.288Z"}
{"level":"debug","message":"room  is  https://protected-sands-2667.herokuapp.com/rooms/Room.UKCSF8","timestamp":"2014-01-27T08:11:56.288Z"}
{"level":"debug","message":"room  is  https://protected-sands-2667.herokuapp.com/rooms/Room.UKCARM66MR11","timestamp":"2014-01-27T08:11:56.288Z"}
{"level":"debug","message":"room  is  https://protected-sands-2667.herokuapp.com/rooms/Room.UKCTrainingRoomA","timestamp":"2014-01-27T08:11:56.319Z"}
{"level":"debug","message":"room  is  https://protected-sands-2667.herokuapp.com/rooms/Room.UKCTrainingRoomB","timestamp":"2014-01-27T08:11:56.319Z"}
{"level":"debug","message":"room  is  https://protected-sands-2667.herokuapp.com/rooms/Room.UKCARM66MR4","timestamp":"2014-01-27T08:11:56.319Z"}
{"level":"debug","message":"room  is  https://protected-sands-2667.herokuapp.com/rooms/Room.UKCARM66MR5","timestamp":"2014-01-27T08:11:57.255Z"}
{"level":"debug","message":"room  is  https://protected-sands-2667.herokuapp.com/rooms/Room.UKCMaple","timestamp":"2014-01-27T08:11:57.255Z"}
{"level":"debug","message":"room  is  https://protected-sands-2667.herokuapp.com/rooms/Room.UKCSycamore","timestamp":"2014-01-27T08:11:57.255Z"}
{"level":"debug","message":"room  is  https://protected-sands-2667.herokuapp.com/rooms/Room.UKCBeech","timestamp":"2014-01-27T08:11:57.255Z"}
{"level":"debug","message":"room  is  https://protected-sands-2667.herokuapp.com/rooms/Room.UKCLectureTheatre","timestamp":"2014-01-27T08:11:57.255Z"}
{"level":"debug","message":"room  is  https://protected-sands-2667.herokuapp.com/rooms/Room.UKCFM10","timestamp":"2014-01-27T08:11:57.255Z"}
{"level":"debug","message":"room  is  https://protected-sands-2667.herokuapp.com/rooms/Room.UKCOak","timestamp":"2014-01-27T08:11:57.255Z"}
{"level":"debug","message":"room  is  https://protected-sands-2667.herokuapp.com/rooms/Room.UKCElm","timestamp":"2014-01-27T08:11:57.255Z"}
{"level":"debug","message":"room  is  https://protected-sands-2667.herokuapp.com/rooms/Room.UKCWillowA","timestamp":"2014-01-27T08:11:57.271Z"}
{"level":"debug","message":"room  is  https://protected-sands-2667.herokuapp.com/rooms/Room.UKCWillowB","timestamp":"2014-01-27T08:11:57.271Z"}
{"level":"debug","message":"room  is  https://protected-sands-2667.herokuapp.com/rooms/RoomUKCPatentBox","timestamp":"2014-01-27T08:11:57.271Z"}
{"level":"debug","message":"room  is  https://protected-sands-2667.herokuapp.com/rooms/Room.UKCSF8","timestamp":"2014-01-27T08:11:57.286Z"}
{"level":"debug","message":"room  is  https://protected-sands-2667.herokuapp.com/rooms/Room.UKCARM66MR11","timestamp":"2014-01-27T08:11:57.286Z"}
{"level":"debug","message":"room  is  https://protected-sands-2667.herokuapp.com/rooms/Room.UKCTrainingRoomA","timestamp":"2014-01-27T08:11:57.286Z"}
{"level":"debug","message":"room  is  https://protected-sands-2667.herokuapp.com/rooms/Room.UKCTrainingRoomB","timestamp":"2014-01-27T08:11:57.286Z"}
{"level":"debug","message":"room  is  https://protected-sands-2667.herokuapp.com/rooms/Room.UKCARM66MR4","timestamp":"2014-01-27T08:11:57.302Z"}
{"level":"debug","message":"room  is  https://protected-sands-2667.herokuapp.com/rooms/Room.UKCElm","timestamp":"2014-01-27T08:18:56.636Z"}
{"level":"debug","message":"room  is  https://protected-sands-2667.herokuapp.com/rooms/Room.UKCElm","timestamp":"2014-01-27T08:34:05.240Z"}
{"level":"debug","message":"room  is  https://protected-sands-2667.herokuapp.com/rooms/Room.UKCLectureTheatre","timestamp":"2014-01-27T08:36:37.028Z"}
{"level":"debug","message":"room  is  https://protected-sands-2667.herokuapp.com/rooms/Room.UKCOak","timestamp":"2014-01-27T08:56:25.590Z"}
{"level":"debug","message":"room  is  https://protected-sands-2667.herokuapp.com/rooms/Room.UKCOak","timestamp":"2014-01-27T08:57:13.476Z"}
{"level":"debug","message":"room  is  https://protected-sands-2667.herokuapp.com/rooms/Room.UKCOak","timestamp":"2014-01-27T08:59:23.135Z"}
{"level":"debug","message":"room  is  https://protected-sands-2667.herokuapp.com/rooms/Room.UKCARM66MR11","timestamp":"2014-01-27T09:02:29.258Z"}
{"level":"debug","message":"room  is  https://protected-sands-2667.herokuapp.com/rooms/Room.UKCARM66MR11","timestamp":"2014-01-27T09:03:38.630Z"}
{"level":"debug","message":"room  is  https://protected-sands-2667.herokuapp.com/rooms/Room.UKCOak","timestamp":"2014-01-27T09:04:16.966Z"}
{"level":"debug","message":"room  is  https://protected-sands-2667.herokuapp.com/rooms/Room.UKCOak","timestamp":"2014-01-27T09:05:40.730Z"}
{"level":"debug","message":"room  is  https://protected-sands-2667.herokuapp.com/rooms/Room.UKCARM66MR11","timestamp":"2014-01-27T09:05:46.978Z"}
{"level":"debug","message":"room  is  https://protected-sands-2667.herokuapp.com/rooms/Room.UKCARM66MR11","timestamp":"2014-01-27T09:06:23.225Z"}
{"level":"debug","message":"room  is  https://protected-sands-2667.herokuapp.com/rooms/RoomUKCPatentBox","timestamp":"2014-01-27T09:06:44.327Z"}
{"level":"debug","message":"room  is  https://protected-sands-2667.herokuapp.com/rooms/Room.UKCOak","timestamp":"2014-01-27T09:07:15.594Z"}
